2018-02-05 20:34:43.088 ERROR 13753 [main] com.ffcs.oss.cap.alarm.fm.session.source.Corba3GPPAlarmSourceSession - 释放notificationIRP出错，该异常可不关注！
2018-02-05 20:34:43.089 ERROR 13754 [main] com.ffcs.oss.cap.alarm.fm.session.source.Corba3GPPAlarmSourceSession - 释放epirp出错，该异常可不关注！
2018-02-05 20:34:43.089 ERROR 13754 [main] com.ffcs.oss.cap.alarm.fm.session.source.Corba3GPPAlarmSourceSession - 释放orb出错，该异常可不关注！
2018-02-05 20:34:43.178 WARN  13843 [main] org.jacorb.config.JacORBConfiguration - jacorb.home unset! Will use '.'
2018-02-05 20:34:43.179 WARN  13844 [main] org.jacorb.config.JacORBConfiguration - File .\jacorb.properties for configuration jacorb not found
2018-02-05 20:34:44.260 WARN  14925 [main] org.jacorb.orb.iiop.IIOPListener$Acceptor - could not create server socket port: 22234 host: /134.130.17.24
java.net.BindException: Cannot assign requested address: JVM_Bind
	at java.net.DualStackPlainSocketImpl.bind0(Native Method) ~[?:1.8.0_101]
	at java.net.DualStackPlainSocketImpl.socketBind(DualStackPlainSocketImpl.java:106) ~[?:1.8.0_101]
	at java.net.AbstractPlainSocketImpl.bind(AbstractPlainSocketImpl.java:387) ~[?:1.8.0_101]
	at java.net.PlainSocketImpl.bind(PlainSocketImpl.java:190) ~[?:1.8.0_101]
	at java.net.ServerSocket.bind(ServerSocket.java:375) ~[?:1.8.0_101]
	at java.net.ServerSocket.<init>(ServerSocket.java:237) ~[?:1.8.0_101]
	at org.jacorb.orb.factory.DefaultServerSocketFactory.createServerSocket(DefaultServerSocketFactory.java:49) ~[jacorb-2.3.1.jar:?]
	at org.jacorb.orb.iiop.IIOPListener$Acceptor.createServerSocket(IIOPListener.java:572) ~[jacorb-2.3.1.jar:?]
	at org.jacorb.orb.iiop.IIOPListener$Acceptor.init(IIOPListener.java:417) ~[jacorb-2.3.1.jar:?]
	at org.jacorb.orb.iiop.IIOPListener.configure(IIOPListener.java:163) ~[jacorb-2.3.1.jar:?]
	at org.jacorb.orb.etf.FactoriesBase.newInstance(FactoriesBase.java:125) ~[jacorb-2.3.1.jar:?]
	at org.jacorb.orb.etf.FactoriesBase.create_listener(FactoriesBase.java:74) ~[jacorb-2.3.1.jar:?]
	at org.jacorb.orb.BasicAdapter.configure(BasicAdapter.java:102) ~[jacorb-2.3.1.jar:?]
	at org.jacorb.orb.ORB.getRootPOA(ORB.java:988) ~[jacorb-2.3.1.jar:?]
	at org.jacorb.orb.ORB.resolve_initial_references(ORB.java:1259) ~[jacorb-2.3.1.jar:?]
	at com.ffcs.oss.cap.alarm.fm.session.source.Corba3GPPAlarmSourceSession.login(Corba3GPPAlarmSourceSession.java:98) ~[classes/:?]
	at com.ffcs.oss.cap.alarm.fm.session.source.Corba3GPPAlarmSourceSession.ready(Corba3GPPAlarmSourceSession.java:64) ~[classes/:?]
	at com.ffcs.oss.cap.alarm.controller.AlarmController.lambda$startCollectAlarm$0(AlarmController.java:49) ~[classes/:?]
	at org.springframework.boot.SpringApplication.callRunner(SpringApplication.java:776) [spring-boot-1.5.2.RELEASE.jar:1.5.2.RELEASE]
	at org.springframework.boot.SpringApplication.callRunners(SpringApplication.java:760) [spring-boot-1.5.2.RELEASE.jar:1.5.2.RELEASE]
	at org.springframework.boot.SpringApplication.afterRefresh(SpringApplication.java:747) [spring-boot-1.5.2.RELEASE.jar:1.5.2.RELEASE]
	at org.springframework.boot.SpringApplication.run(SpringApplication.java:315) [spring-boot-1.5.2.RELEASE.jar:1.5.2.RELEASE]
	at org.springframework.boot.test.context.SpringBootContextLoader.loadContext(SpringBootContextLoader.java:120) [spring-boot-test-1.5.2.RELEASE.jar:1.5.2.RELEASE]
	at org.springframework.test.context.cache.DefaultCacheAwareContextLoaderDelegate.loadContextInternal(DefaultCacheAwareContextLoaderDelegate.java:98) [spring-test-4.3.7.RELEASE.jar:4.3.7.RELEASE]
	at org.springframework.test.context.cache.DefaultCacheAwareContextLoaderDelegate.loadContext(DefaultCacheAwareContextLoaderDelegate.java:116) [spring-test-4.3.7.RELEASE.jar:4.3.7.RELEASE]
	at org.springframework.test.context.support.DefaultTestContext.getApplicationContext(DefaultTestContext.java:83) [spring-test-4.3.7.RELEASE.jar:4.3.7.RELEASE]
	at org.springframework.test.context.web.ServletTestExecutionListener.setUpRequestContextIfNecessary(ServletTestExecutionListener.java:189) [spring-test-4.3.7.RELEASE.jar:4.3.7.RELEASE]
	at org.springframework.test.context.web.ServletTestExecutionListener.prepareTestInstance(ServletTestExecutionListener.java:131) [spring-test-4.3.7.RELEASE.jar:4.3.7.RELEASE]
	at org.springframework.test.context.TestContextManager.prepareTestInstance(TestContextManager.java:230) [spring-test-4.3.7.RELEASE.jar:4.3.7.RELEASE]
	at org.springframework.test.context.junit4.SpringJUnit4ClassRunner.createTest(SpringJUnit4ClassRunner.java:228) [spring-test-4.3.7.RELEASE.jar:4.3.7.RELEASE]
	at org.springframework.test.context.junit4.SpringJUnit4ClassRunner$1.runReflectiveCall(SpringJUnit4ClassRunner.java:287) [spring-test-4.3.7.RELEASE.jar:4.3.7.RELEASE]
	at org.junit.internal.runners.model.ReflectiveCallable.run(ReflectiveCallable.java:12) [junit-4.12.jar:4.12]
	at org.springframework.test.context.junit4.SpringJUnit4ClassRunner.methodBlock(SpringJUnit4ClassRunner.java:289) [spring-test-4.3.7.RELEASE.jar:4.3.7.RELEASE]
	at org.springframework.test.context.junit4.SpringJUnit4ClassRunner.runChild(SpringJUnit4ClassRunner.java:247) [spring-test-4.3.7.RELEASE.jar:4.3.7.RELEASE]
	at org.springframework.test.context.junit4.SpringJUnit4ClassRunner.runChild(SpringJUnit4ClassRunner.java:94) [spring-test-4.3.7.RELEASE.jar:4.3.7.RELEASE]
	at org.junit.runners.ParentRunner$3.run(ParentRunner.java:290) [junit-4.12.jar:4.12]
	at org.junit.runners.ParentRunner$1.schedule(ParentRunner.java:71) [junit-4.12.jar:4.12]
	at org.junit.runners.ParentRunner.runChildren(ParentRunner.java:288) [junit-4.12.jar:4.12]
	at org.junit.runners.ParentRunner.access$000(ParentRunner.java:58) [junit-4.12.jar:4.12]
	at org.junit.runners.ParentRunner$2.evaluate(ParentRunner.java:268) [junit-4.12.jar:4.12]
	at org.springframework.test.context.junit4.statements.RunBeforeTestClassCallbacks.evaluate(RunBeforeTestClassCallbacks.java:61) [spring-test-4.3.7.RELEASE.jar:4.3.7.RELEASE]
	at org.springframework.test.context.junit4.statements.RunAfterTestClassCallbacks.evaluate(RunAfterTestClassCallbacks.java:70) [spring-test-4.3.7.RELEASE.jar:4.3.7.RELEASE]
	at org.junit.runners.ParentRunner.run(ParentRunner.java:363) [junit-4.12.jar:4.12]
	at org.springframework.test.context.junit4.SpringJUnit4ClassRunner.run(SpringJUnit4ClassRunner.java:191) [spring-test-4.3.7.RELEASE.jar:4.3.7.RELEASE]
	at org.apache.maven.surefire.junit4.JUnit4Provider.execute(JUnit4Provider.java:283) [surefire-junit4-2.18.1.jar:2.18.1]
	at org.apache.maven.surefire.junit4.JUnit4Provider.executeWithRerun(JUnit4Provider.java:173) [surefire-junit4-2.18.1.jar:2.18.1]
	at org.apache.maven.surefire.junit4.JUnit4Provider.executeTestSet(JUnit4Provider.java:153) [surefire-junit4-2.18.1.jar:2.18.1]
	at org.apache.maven.surefire.junit4.JUnit4Provider.invoke(JUnit4Provider.java:128) [surefire-junit4-2.18.1.jar:2.18.1]
	at org.apache.maven.surefire.booter.ForkedBooter.invokeProviderInSameClassLoader(ForkedBooter.java:203) [surefire-booter-2.18.1.jar:2.18.1]
	at org.apache.maven.surefire.booter.ForkedBooter.runSuitesInProcess(ForkedBooter.java:155) [surefire-booter-2.18.1.jar:2.18.1]
	at org.apache.maven.surefire.booter.ForkedBooter.main(ForkedBooter.java:103) [surefire-booter-2.18.1.jar:2.18.1]
2018-02-05 20:34:44.308 ERROR 14973 [main] com.ffcs.oss.cap.alarm.controller.AlarmController - 告警采集任务执行出错
org.omg.CORBA.INITIALIZE: Could not create server socket (22234): java.net.BindException: Cannot assign requested address: JVM_Bind
	at org.jacorb.orb.iiop.IIOPListener$Acceptor.createServerSocket(IIOPListener.java:580) ~[jacorb-2.3.1.jar:?]
	at org.jacorb.orb.iiop.IIOPListener$Acceptor.init(IIOPListener.java:417) ~[jacorb-2.3.1.jar:?]
	at org.jacorb.orb.iiop.IIOPListener.configure(IIOPListener.java:163) ~[jacorb-2.3.1.jar:?]
	at org.jacorb.orb.etf.FactoriesBase.newInstance(FactoriesBase.java:125) ~[jacorb-2.3.1.jar:?]
	at org.jacorb.orb.etf.FactoriesBase.create_listener(FactoriesBase.java:74) ~[jacorb-2.3.1.jar:?]
	at org.jacorb.orb.BasicAdapter.configure(BasicAdapter.java:102) ~[jacorb-2.3.1.jar:?]
	at org.jacorb.orb.ORB.getRootPOA(ORB.java:988) ~[jacorb-2.3.1.jar:?]
	at org.jacorb.orb.ORB.resolve_initial_references(ORB.java:1259) ~[jacorb-2.3.1.jar:?]
	at com.ffcs.oss.cap.alarm.fm.session.source.Corba3GPPAlarmSourceSession.login(Corba3GPPAlarmSourceSession.java:98) ~[classes/:?]
	at com.ffcs.oss.cap.alarm.fm.session.source.Corba3GPPAlarmSourceSession.ready(Corba3GPPAlarmSourceSession.java:64) ~[classes/:?]
	at com.ffcs.oss.cap.alarm.controller.AlarmController.lambda$startCollectAlarm$0(AlarmController.java:49) ~[classes/:?]
	at org.springframework.boot.SpringApplication.callRunner(SpringApplication.java:776) [spring-boot-1.5.2.RELEASE.jar:1.5.2.RELEASE]
	at org.springframework.boot.SpringApplication.callRunners(SpringApplication.java:760) [spring-boot-1.5.2.RELEASE.jar:1.5.2.RELEASE]
	at org.springframework.boot.SpringApplication.afterRefresh(SpringApplication.java:747) [spring-boot-1.5.2.RELEASE.jar:1.5.2.RELEASE]
	at org.springframework.boot.SpringApplication.run(SpringApplication.java:315) [spring-boot-1.5.2.RELEASE.jar:1.5.2.RELEASE]
	at org.springframework.boot.test.context.SpringBootContextLoader.loadContext(SpringBootContextLoader.java:120) [spring-boot-test-1.5.2.RELEASE.jar:1.5.2.RELEASE]
	at org.springframework.test.context.cache.DefaultCacheAwareContextLoaderDelegate.loadContextInternal(DefaultCacheAwareContextLoaderDelegate.java:98) [spring-test-4.3.7.RELEASE.jar:4.3.7.RELEASE]
	at org.springframework.test.context.cache.DefaultCacheAwareContextLoaderDelegate.loadContext(DefaultCacheAwareContextLoaderDelegate.java:116) [spring-test-4.3.7.RELEASE.jar:4.3.7.RELEASE]
	at org.springframework.test.context.support.DefaultTestContext.getApplicationContext(DefaultTestContext.java:83) [spring-test-4.3.7.RELEASE.jar:4.3.7.RELEASE]
	at org.springframework.test.context.web.ServletTestExecutionListener.setUpRequestContextIfNecessary(ServletTestExecutionListener.java:189) [spring-test-4.3.7.RELEASE.jar:4.3.7.RELEASE]
	at org.springframework.test.context.web.ServletTestExecutionListener.prepareTestInstance(ServletTestExecutionListener.java:131) [spring-test-4.3.7.RELEASE.jar:4.3.7.RELEASE]
	at org.springframework.test.context.TestContextManager.prepareTestInstance(TestContextManager.java:230) [spring-test-4.3.7.RELEASE.jar:4.3.7.RELEASE]
	at org.springframework.test.context.junit4.SpringJUnit4ClassRunner.createTest(SpringJUnit4ClassRunner.java:228) [spring-test-4.3.7.RELEASE.jar:4.3.7.RELEASE]
	at org.springframework.test.context.junit4.SpringJUnit4ClassRunner$1.runReflectiveCall(SpringJUnit4ClassRunner.java:287) [spring-test-4.3.7.RELEASE.jar:4.3.7.RELEASE]
	at org.junit.internal.runners.model.ReflectiveCallable.run(ReflectiveCallable.java:12) [junit-4.12.jar:4.12]
	at org.springframework.test.context.junit4.SpringJUnit4ClassRunner.methodBlock(SpringJUnit4ClassRunner.java:289) [spring-test-4.3.7.RELEASE.jar:4.3.7.RELEASE]
	at org.springframework.test.context.junit4.SpringJUnit4ClassRunner.runChild(SpringJUnit4ClassRunner.java:247) [spring-test-4.3.7.RELEASE.jar:4.3.7.RELEASE]
	at org.springframework.test.context.junit4.SpringJUnit4ClassRunner.runChild(SpringJUnit4ClassRunner.java:94) [spring-test-4.3.7.RELEASE.jar:4.3.7.RELEASE]
	at org.junit.runners.ParentRunner$3.run(ParentRunner.java:290) [junit-4.12.jar:4.12]
	at org.junit.runners.ParentRunner$1.schedule(ParentRunner.java:71) [junit-4.12.jar:4.12]
	at org.junit.runners.ParentRunner.runChildren(ParentRunner.java:288) [junit-4.12.jar:4.12]
	at org.junit.runners.ParentRunner.access$000(ParentRunner.java:58) [junit-4.12.jar:4.12]
	at org.junit.runners.ParentRunner$2.evaluate(ParentRunner.java:268) [junit-4.12.jar:4.12]
	at org.springframework.test.context.junit4.statements.RunBeforeTestClassCallbacks.evaluate(RunBeforeTestClassCallbacks.java:61) [spring-test-4.3.7.RELEASE.jar:4.3.7.RELEASE]
	at org.springframework.test.context.junit4.statements.RunAfterTestClassCallbacks.evaluate(RunAfterTestClassCallbacks.java:70) [spring-test-4.3.7.RELEASE.jar:4.3.7.RELEASE]
	at org.junit.runners.ParentRunner.run(ParentRunner.java:363) [junit-4.12.jar:4.12]
	at org.springframework.test.context.junit4.SpringJUnit4ClassRunner.run(SpringJUnit4ClassRunner.java:191) [spring-test-4.3.7.RELEASE.jar:4.3.7.RELEASE]
	at org.apache.maven.surefire.junit4.JUnit4Provider.execute(JUnit4Provider.java:283) [surefire-junit4-2.18.1.jar:2.18.1]
	at org.apache.maven.surefire.junit4.JUnit4Provider.executeWithRerun(JUnit4Provider.java:173) [surefire-junit4-2.18.1.jar:2.18.1]
	at org.apache.maven.surefire.junit4.JUnit4Provider.executeTestSet(JUnit4Provider.java:153) [surefire-junit4-2.18.1.jar:2.18.1]
	at org.apache.maven.surefire.junit4.JUnit4Provider.invoke(JUnit4Provider.java:128) [surefire-junit4-2.18.1.jar:2.18.1]
	at org.apache.maven.surefire.booter.ForkedBooter.invokeProviderInSameClassLoader(ForkedBooter.java:203) [surefire-booter-2.18.1.jar:2.18.1]
	at org.apache.maven.surefire.booter.ForkedBooter.runSuitesInProcess(ForkedBooter.java:155) [surefire-booter-2.18.1.jar:2.18.1]
	at org.apache.maven.surefire.booter.ForkedBooter.main(ForkedBooter.java:103) [surefire-booter-2.18.1.jar:2.18.1]
2018-02-05 20:34:44.680 ERROR 15345 [Thread-4] com.ffcs.oss.cap.alarm.fm.session.source.Corba3GPPAlarmSourceSession - 释放notificationIRP出错，该异常可不关注！
2018-02-05 20:34:44.681 ERROR 15346 [Thread-4] com.ffcs.oss.cap.alarm.fm.session.source.Corba3GPPAlarmSourceSession - 释放epirp出错，该异常可不关注！
