2018-01-30 19:21:42.284 INFO  1783 [main] org.springframework.boot.StartupInfoLogger - Starting AlarmCollectorApplication on USER-20160515VC with PID 3760 (started by Administrator in D:\工作\fm-socket)
2018-01-30 19:21:42.299 INFO  1798 [main] org.springframework.boot.SpringApplication - No active profile set, falling back to default profiles: default
2018-01-30 19:21:42.368 INFO  1867 [main] org.springframework.context.support.AbstractApplicationContext - Refreshing org.springframework.boot.context.embedded.AnnotationConfigEmbeddedWebApplicationContext@707194ba: startup date [Tue Jan 30 19:21:42 CST 2018]; root of context hierarchy
2018-01-30 19:21:42.996 INFO  2495 [background-preinit] org.hibernate.validator.internal.util.Version - HV000001: Hibernate Validator 5.3.5.Final
2018-01-30 19:21:44.342 INFO  3841 [main] org.springframework.context.support.PostProcessorRegistrationDelegate$BeanPostProcessorChecker - Bean 'org.springframework.kafka.annotation.KafkaBootstrapConfiguration' of type [org.springframework.kafka.annotation.KafkaBootstrapConfiguration$$EnhancerBySpringCGLIB$$221f8e21] is not eligible for getting processed by all BeanPostProcessors (for example: not eligible for auto-proxying)
2018-01-30 19:21:44.814 INFO  4313 [main] org.springframework.boot.context.embedded.tomcat.TomcatEmbeddedServletContainer - Tomcat initialized with port(s): 8080 (http)
2018-01-30 19:21:44.855 INFO  4354 [main] org.apache.juli.logging.DirectJDKLog - Starting service Tomcat
2018-01-30 19:21:44.856 INFO  4355 [main] org.apache.juli.logging.DirectJDKLog - Starting Servlet Engine: Apache Tomcat/8.5.14
2018-01-30 19:21:45.019 INFO  4518 [localhost-startStop-1] org.apache.juli.logging.DirectJDKLog - Initializing Spring embedded WebApplicationContext
2018-01-30 19:21:45.019 INFO  4518 [localhost-startStop-1] org.springframework.boot.context.embedded.EmbeddedWebApplicationContext - Root WebApplicationContext: initialization completed in 2655 ms
2018-01-30 19:21:45.209 INFO  4708 [localhost-startStop-1] org.springframework.boot.web.servlet.ServletRegistrationBean - Mapping servlet: 'dispatcherServlet' to [/]
2018-01-30 19:21:45.215 INFO  4714 [localhost-startStop-1] org.springframework.boot.web.servlet.AbstractFilterRegistrationBean - Mapping filter: 'characterEncodingFilter' to: [/*]
2018-01-30 19:21:45.216 INFO  4715 [localhost-startStop-1] org.springframework.boot.web.servlet.AbstractFilterRegistrationBean - Mapping filter: 'hiddenHttpMethodFilter' to: [/*]
2018-01-30 19:21:45.216 INFO  4715 [localhost-startStop-1] org.springframework.boot.web.servlet.AbstractFilterRegistrationBean - Mapping filter: 'httpPutFormContentFilter' to: [/*]
2018-01-30 19:21:45.216 INFO  4715 [localhost-startStop-1] org.springframework.boot.web.servlet.AbstractFilterRegistrationBean - Mapping filter: 'requestContextFilter' to: [/*]
2018-01-30 19:21:46.099 INFO  5598 [main] org.springframework.web.servlet.handler.AbstractHandlerMethodMapping$MappingRegistry - Mapped "{[/alarm/notify],methods=[POST]}" onto public void com.ffcs.oss.fm.controller.AlarmController.notify(java.lang.String)
2018-01-30 19:21:46.101 INFO  5600 [main] org.springframework.web.servlet.handler.AbstractHandlerMethodMapping$MappingRegistry - Mapped "{[/v2/api-docs],methods=[GET],produces=[application/json || application/hal+json]}" onto public org.springframework.http.ResponseEntity<springfox.documentation.spring.web.json.Json> springfox.documentation.swagger2.web.Swagger2Controller.getDocumentation(java.lang.String,javax.servlet.http.HttpServletRequest)
2018-01-30 19:21:46.106 INFO  5605 [main] org.springframework.web.servlet.handler.AbstractHandlerMethodMapping$MappingRegistry - Mapped "{[/swagger-resources/configuration/ui]}" onto org.springframework.http.ResponseEntity<springfox.documentation.swagger.web.UiConfiguration> springfox.documentation.swagger.web.ApiResourceController.uiConfiguration()
2018-01-30 19:21:46.108 INFO  5607 [main] org.springframework.web.servlet.handler.AbstractHandlerMethodMapping$MappingRegistry - Mapped "{[/swagger-resources]}" onto org.springframework.http.ResponseEntity<java.util.List<springfox.documentation.swagger.web.SwaggerResource>> springfox.documentation.swagger.web.ApiResourceController.swaggerResources()
2018-01-30 19:21:46.109 INFO  5608 [main] org.springframework.web.servlet.handler.AbstractHandlerMethodMapping$MappingRegistry - Mapped "{[/swagger-resources/configuration/security]}" onto org.springframework.http.ResponseEntity<springfox.documentation.swagger.web.SecurityConfiguration> springfox.documentation.swagger.web.ApiResourceController.securityConfiguration()
2018-01-30 19:21:46.113 INFO  5612 [main] org.springframework.web.servlet.handler.AbstractHandlerMethodMapping$MappingRegistry - Mapped "{[/error]}" onto public org.springframework.http.ResponseEntity<java.util.Map<java.lang.String, java.lang.Object>> org.springframework.boot.autoconfigure.web.BasicErrorController.error(javax.servlet.http.HttpServletRequest)
2018-01-30 19:21:46.113 INFO  5612 [main] org.springframework.web.servlet.handler.AbstractHandlerMethodMapping$MappingRegistry - Mapped "{[/error],produces=[text/html]}" onto public org.springframework.web.servlet.ModelAndView org.springframework.boot.autoconfigure.web.BasicErrorController.errorHtml(javax.servlet.http.HttpServletRequest,javax.servlet.http.HttpServletResponse)
2018-01-30 19:21:46.390 INFO  5889 [main] org.springframework.web.servlet.mvc.method.annotation.RequestMappingHandlerAdapter - Looking for @ControllerAdvice: org.springframework.boot.context.embedded.AnnotationConfigEmbeddedWebApplicationContext@707194ba: startup date [Tue Jan 30 19:21:42 CST 2018]; root of context hierarchy
2018-01-30 19:21:46.501 INFO  6000 [main] org.springframework.web.servlet.handler.AbstractUrlHandlerMapping - Mapped URL path [/webjars/**] onto handler of type [class org.springframework.web.servlet.resource.ResourceHttpRequestHandler]
2018-01-30 19:21:46.502 INFO  6001 [main] org.springframework.web.servlet.handler.AbstractUrlHandlerMapping - Mapped URL path [/**] onto handler of type [class org.springframework.web.servlet.resource.ResourceHttpRequestHandler]
2018-01-30 19:21:46.558 INFO  6057 [main] org.springframework.web.servlet.handler.AbstractUrlHandlerMapping - Mapped URL path [/**/favicon.ico] onto handler of type [class org.springframework.web.servlet.resource.ResourceHttpRequestHandler]
2018-01-30 19:21:46.789 INFO  6288 [main] org.springframework.jmx.export.MBeanExporter - Registering beans for JMX exposure on startup
2018-01-30 19:21:46.799 INFO  6298 [main] org.springframework.context.support.DefaultLifecycleProcessor$LifecycleGroup - Starting beans in phase 2147483647
2018-01-30 19:21:46.800 INFO  6299 [main] springfox.documentation.spring.web.plugins.DocumentationPluginsBootstrapper - Context refreshed
2018-01-30 19:21:47.091 INFO  6590 [main] springfox.documentation.spring.web.plugins.DocumentationPluginsBootstrapper - Found 1 custom documentation plugin(s)
2018-01-30 19:21:47.112 INFO  6611 [main] springfox.documentation.spring.web.scanners.ApiListingReferenceScanner - Scanning for api listing references
2018-01-30 19:21:47.144 INFO  6643 [main] org.apache.juli.logging.DirectJDKLog - Initializing ProtocolHandler ["http-nio-8080"]
2018-01-30 19:21:47.173 INFO  6672 [main] org.apache.juli.logging.DirectJDKLog - Starting ProtocolHandler ["http-nio-8080"]
2018-01-30 19:21:47.262 INFO  6761 [main] org.apache.juli.logging.DirectJDKLog - Using a shared selector for servlet write/read
2018-01-30 19:21:47.285 INFO  6784 [main] org.springframework.boot.context.embedded.tomcat.TomcatEmbeddedServletContainer - Tomcat started on port(s): 8080 (http)
2018-01-30 19:21:47.289 INFO  6788 [main] com.ffcs.oss.fm.controller.AlarmController - 告警任务采集启动
2018-01-30 19:21:47.290 INFO  6789 [main] com.ffcs.oss.fm.session.source.server.SocketServerAlarmSourceSession - Socket连接信息:SocketConn [ipAddress=null, port=0, charEncoding=null, timeout=0, heatBeat=null, packetEndExp=null, packetBeginExp=null]
2018-01-30 19:21:47.328 ERROR 6827 [main] com.ffcs.oss.fm.controller.AlarmController - 告警采集任务执行出错
java.lang.IllegalArgumentException: hostname can't be null
	at java.net.InetSocketAddress.checkHost(InetSocketAddress.java:149) ~[?:1.8.0_101]
	at java.net.InetSocketAddress.<init>(InetSocketAddress.java:216) ~[?:1.8.0_101]
	at com.ffcs.oss.fm.session.source.server.SocketServerAlarmSourceSession.ready(SocketServerAlarmSourceSession.java:75) ~[classes/:?]
	at com.ffcs.oss.fm.controller.AlarmController.lambda$0(AlarmController.java:47) ~[classes/:?]
	at org.springframework.boot.SpringApplication.callRunner(SpringApplication.java:776) [spring-boot-1.5.3.RELEASE.jar:1.5.3.RELEASE]
	at org.springframework.boot.SpringApplication.callRunners(SpringApplication.java:760) [spring-boot-1.5.3.RELEASE.jar:1.5.3.RELEASE]
	at org.springframework.boot.SpringApplication.afterRefresh(SpringApplication.java:747) [spring-boot-1.5.3.RELEASE.jar:1.5.3.RELEASE]
	at org.springframework.boot.SpringApplication.run(SpringApplication.java:315) [spring-boot-1.5.3.RELEASE.jar:1.5.3.RELEASE]
	at org.springframework.boot.SpringApplication.run(SpringApplication.java:1162) [spring-boot-1.5.3.RELEASE.jar:1.5.3.RELEASE]
	at org.springframework.boot.SpringApplication.run(SpringApplication.java:1151) [spring-boot-1.5.3.RELEASE.jar:1.5.3.RELEASE]
	at com.ffcs.oss.fm.AlarmCollectorApplication.main(AlarmCollectorApplication.java:19) [classes/:?]
2018-01-30 19:21:47.334 INFO  6833 [main] com.ffcs.oss.fm.controller.AlarmController - 告警任务终止
2018-01-30 19:21:47.336 INFO  6835 [main] org.springframework.boot.StartupInfoLogger - Started AlarmCollectorApplication in 5.446 seconds (JVM running for 6.894)
2018-01-30 19:21:53.426 INFO  12925 [RMI TCP Connection(2)-172.16.249.138] org.springframework.boot.admin.SpringApplicationAdminMXBeanRegistrar$SpringApplicationAdmin - Application shutdown requested.
2018-01-30 19:21:53.427 INFO  12926 [RMI TCP Connection(2)-172.16.249.138] org.springframework.context.support.AbstractApplicationContext - Closing org.springframework.boot.context.embedded.AnnotationConfigEmbeddedWebApplicationContext@707194ba: startup date [Tue Jan 30 19:21:42 CST 2018]; root of context hierarchy
2018-01-30 19:21:53.431 INFO  12930 [RMI TCP Connection(2)-172.16.249.138] org.springframework.context.support.DefaultLifecycleProcessor$LifecycleGroup - Stopping beans in phase 2147483647
2018-01-30 19:21:53.432 INFO  12931 [RMI TCP Connection(2)-172.16.249.138] org.springframework.context.support.DefaultLifecycleProcessor$LifecycleGroup - Stopping beans in phase 0
2018-01-30 19:21:53.432 INFO  12931 [RMI TCP Connection(2)-172.16.249.138] org.springframework.jmx.export.MBeanExporter - Unregistering JMX-exposed beans on shutdown
