2018-02-22 15:30:45.280 INFO  5816 [main] org.springframework.boot.StartupInfoLogger - Starting AlarmCollectorApplicationTests on USER-20160515VC with PID 4708 (started by Administrator in D:\git\zte-bsc-alarm-collector)
2018-02-22 15:30:45.476 INFO  6012 [main] org.springframework.boot.SpringApplication - No active profile set, falling back to default profiles: default
2018-02-22 15:30:45.782 INFO  6318 [main] org.springframework.context.support.AbstractApplicationContext - Refreshing org.springframework.web.context.support.GenericWebApplicationContext@2bdd8394: startup date [Thu Feb 22 15:30:45 CST 2018]; root of context hierarchy
2018-02-22 15:30:47.450 INFO  7986 [background-preinit] org.hibernate.validator.internal.util.Version - HV000001: Hibernate Validator 5.3.4.Final
2018-02-22 15:30:53.070 INFO  13606 [main] org.springframework.context.support.PostProcessorRegistrationDelegate$BeanPostProcessorChecker - Bean 'org.springframework.kafka.annotation.KafkaBootstrapConfiguration' of type [org.springframework.kafka.annotation.KafkaBootstrapConfiguration$$EnhancerBySpringCGLIB$$60b062f9] is not eligible for getting processed by all BeanPostProcessors (for example: not eligible for auto-proxying)
2018-02-22 15:30:53.178 INFO  13714 [main] org.springframework.context.support.PostProcessorRegistrationDelegate$BeanPostProcessorChecker - Bean 'org.springframework.cache.annotation.ProxyCachingConfiguration' of type [org.springframework.cache.annotation.ProxyCachingConfiguration$$EnhancerBySpringCGLIB$$d6108794] is not eligible for getting processed by all BeanPostProcessors (for example: not eligible for auto-proxying)
2018-02-22 15:30:53.221 INFO  13757 [main] org.springframework.context.support.PostProcessorRegistrationDelegate$BeanPostProcessorChecker - Bean 'org.springframework.boot.autoconfigure.cache.CacheAutoConfiguration' of type [org.springframework.boot.autoconfigure.cache.CacheAutoConfiguration$$EnhancerBySpringCGLIB$$ca844c38] is not eligible for getting processed by all BeanPostProcessors (for example: not eligible for auto-proxying)
2018-02-22 15:30:53.243 INFO  13779 [main] org.springframework.context.support.PostProcessorRegistrationDelegate$BeanPostProcessorChecker - Bean 'spring.cache-org.springframework.boot.autoconfigure.cache.CacheProperties' of type [org.springframework.boot.autoconfigure.cache.CacheProperties] is not eligible for getting processed by all BeanPostProcessors (for example: not eligible for auto-proxying)
2018-02-22 15:30:53.263 INFO  13799 [main] org.springframework.context.support.PostProcessorRegistrationDelegate$BeanPostProcessorChecker - Bean 'cacheManagerCustomizers' of type [org.springframework.boot.autoconfigure.cache.CacheManagerCustomizers] is not eligible for getting processed by all BeanPostProcessors (for example: not eligible for auto-proxying)
2018-02-22 15:30:53.269 INFO  13805 [main] org.springframework.context.support.PostProcessorRegistrationDelegate$BeanPostProcessorChecker - Bean 'org.springframework.boot.autoconfigure.cache.EhCacheCacheConfiguration' of type [org.springframework.boot.autoconfigure.cache.EhCacheCacheConfiguration$$EnhancerBySpringCGLIB$$65231936] is not eligible for getting processed by all BeanPostProcessors (for example: not eligible for auto-proxying)
2018-02-22 15:30:53.961 INFO  14497 [main] org.springframework.context.support.PostProcessorRegistrationDelegate$BeanPostProcessorChecker - Bean 'ehCacheCacheManager' of type [net.sf.ehcache.CacheManager] is not eligible for getting processed by all BeanPostProcessors (for example: not eligible for auto-proxying)
2018-02-22 15:30:53.968 INFO  14504 [main] org.springframework.context.support.PostProcessorRegistrationDelegate$BeanPostProcessorChecker - Bean 'cacheManager' of type [org.springframework.cache.ehcache.EhCacheCacheManager] is not eligible for getting processed by all BeanPostProcessors (for example: not eligible for auto-proxying)
2018-02-22 15:30:53.969 INFO  14505 [main] org.springframework.context.support.PostProcessorRegistrationDelegate$BeanPostProcessorChecker - Bean 'cacheAutoConfigurationValidator' of type [org.springframework.boot.autoconfigure.cache.CacheAutoConfiguration$CacheManagerValidator] is not eligible for getting processed by all BeanPostProcessors (for example: not eligible for auto-proxying)
2018-02-22 15:30:55.521 INFO  16057 [main] org.springframework.web.servlet.handler.AbstractHandlerMethodMapping$MappingRegistry - Mapped "{[/alarm/notify],methods=[POST]}" onto public void com.ffcs.oss.cap.alarm.controller.AlarmController.notify(java.lang.String)
2018-02-22 15:30:55.523 INFO  16059 [main] org.springframework.web.servlet.handler.AbstractHandlerMethodMapping$MappingRegistry - Mapped "{[/v2/api-docs],methods=[GET],produces=[application/json || application/hal+json]}" onto public org.springframework.http.ResponseEntity<springfox.documentation.spring.web.json.Json> springfox.documentation.swagger2.web.Swagger2Controller.getDocumentation(java.lang.String,javax.servlet.http.HttpServletRequest)
2018-02-22 15:30:55.527 INFO  16063 [main] org.springframework.web.servlet.handler.AbstractHandlerMethodMapping$MappingRegistry - Mapped "{[/swagger-resources/configuration/security]}" onto org.springframework.http.ResponseEntity<springfox.documentation.swagger.web.SecurityConfiguration> springfox.documentation.swagger.web.ApiResourceController.securityConfiguration()
2018-02-22 15:30:55.528 INFO  16064 [main] org.springframework.web.servlet.handler.AbstractHandlerMethodMapping$MappingRegistry - Mapped "{[/swagger-resources/configuration/ui]}" onto org.springframework.http.ResponseEntity<springfox.documentation.swagger.web.UiConfiguration> springfox.documentation.swagger.web.ApiResourceController.uiConfiguration()
2018-02-22 15:30:55.529 INFO  16065 [main] org.springframework.web.servlet.handler.AbstractHandlerMethodMapping$MappingRegistry - Mapped "{[/swagger-resources]}" onto org.springframework.http.ResponseEntity<java.util.List<springfox.documentation.swagger.web.SwaggerResource>> springfox.documentation.swagger.web.ApiResourceController.swaggerResources()
2018-02-22 15:30:55.535 INFO  16071 [main] org.springframework.web.servlet.handler.AbstractHandlerMethodMapping$MappingRegistry - Mapped "{[/error]}" onto public org.springframework.http.ResponseEntity<java.util.Map<java.lang.String, java.lang.Object>> org.springframework.boot.autoconfigure.web.BasicErrorController.error(javax.servlet.http.HttpServletRequest)
2018-02-22 15:30:55.536 INFO  16072 [main] org.springframework.web.servlet.handler.AbstractHandlerMethodMapping$MappingRegistry - Mapped "{[/error],produces=[text/html]}" onto public org.springframework.web.servlet.ModelAndView org.springframework.boot.autoconfigure.web.BasicErrorController.errorHtml(javax.servlet.http.HttpServletRequest,javax.servlet.http.HttpServletResponse)
2018-02-22 15:30:56.469 INFO  17005 [main] org.springframework.web.servlet.mvc.method.annotation.RequestMappingHandlerAdapter - Looking for @ControllerAdvice: org.springframework.web.context.support.GenericWebApplicationContext@2bdd8394: startup date [Thu Feb 22 15:30:45 CST 2018]; root of context hierarchy
2018-02-22 15:30:56.640 INFO  17176 [main] org.springframework.web.servlet.handler.AbstractUrlHandlerMapping - Mapped URL path [/webjars/**] onto handler of type [class org.springframework.web.servlet.resource.ResourceHttpRequestHandler]
2018-02-22 15:30:56.641 INFO  17177 [main] org.springframework.web.servlet.handler.AbstractUrlHandlerMapping - Mapped URL path [/**] onto handler of type [class org.springframework.web.servlet.resource.ResourceHttpRequestHandler]
2018-02-22 15:30:56.725 INFO  17261 [main] org.springframework.web.servlet.handler.AbstractUrlHandlerMapping - Mapped URL path [/**/favicon.ico] onto handler of type [class org.springframework.web.servlet.resource.ResourceHttpRequestHandler]
2018-02-22 15:30:57.485 INFO  18021 [main] org.springframework.context.support.DefaultLifecycleProcessor$LifecycleGroup - Starting beans in phase 2147483647
2018-02-22 15:30:57.485 INFO  18021 [main] springfox.documentation.spring.web.plugins.DocumentationPluginsBootstrapper - Context refreshed
2018-02-22 15:30:57.537 INFO  18073 [main] springfox.documentation.spring.web.plugins.DocumentationPluginsBootstrapper - Found 1 custom documentation plugin(s)
2018-02-22 15:30:57.558 INFO  18094 [main] springfox.documentation.spring.web.scanners.ApiListingReferenceScanner - Scanning for api listing references
2018-02-22 15:30:57.785 INFO  18321 [main] com.ffcs.oss.cap.alarm.controller.AlarmController - 告警任务采集启动
2018-02-22 15:30:57.785 ERROR 18321 [main] com.ffcs.oss.cap.alarm.fm.session.source.Corba3GPPAlarmSourceSession - 释放notificationIRP出错，该异常可不关注！
2018-02-22 15:30:57.816 ERROR 18352 [main] com.ffcs.oss.cap.alarm.fm.session.source.Corba3GPPAlarmSourceSession - 释放epirp出错，该异常可不关注！
2018-02-22 15:30:57.817 ERROR 18353 [main] com.ffcs.oss.cap.alarm.fm.session.source.Corba3GPPAlarmSourceSession - 释放orb出错，该异常可不关注！
2018-02-22 15:30:57.817 INFO  18353 [main] com.ffcs.oss.cap.alarm.fm.session.source.Corba3GPPAlarmSourceSession - 初始化ORB
2018-02-22 15:30:58.902 WARN  19438 [main] org.jacorb.config.JacORBConfiguration - jacorb.home unset! Will use '.'
2018-02-22 15:30:58.903 WARN  19439 [main] org.jacorb.config.JacORBConfiguration - File .\jacorb.properties for configuration jacorb not found
2018-02-22 15:30:58.978 INFO  19514 [main] org.jacorb.orb.ORB - 
	~~~~~~~~~~~~~~~~~~~~~~~~~~~~~~~~~~~~~~~~~~~~~~~~~~~~~~~~~~~~~~
	JacORB V 2.3.1, www.jacorb.org
	(C) The JacORB project 27-May-2009
	~~~~~~~~~~~~~~~~~~~~~~~~~~~~~~~~~~~~~~~~~~~~~~~~~~~~~~~~~~~~~~
2018-02-22 15:30:59.141 INFO  19677 [main] org.jacorb.orb.ORB - Property "jacorb.hashtable_class" is set to: java.util.HashMap
2018-02-22 15:30:59.152 INFO  19688 [main] org.jacorb.orb.portableInterceptor.InterceptorManager - InterceptorManager started with 1 Server Interceptors, 1 Client Interceptors and 0 IOR Interceptors
2018-02-22 15:30:59.153 INFO  19689 [main] com.ffcs.oss.cap.alarm.fm.session.source.Corba3GPPAlarmSourceSession - orb初始化成功
2018-02-22 15:30:59.284 WARN  19820 [main] org.jacorb.orb.iiop.IIOPListener$Acceptor - could not create server socket port: 22234 host: /134.130.17.24
java.net.BindException: Cannot assign requested address: JVM_Bind
	at java.net.DualStackPlainSocketImpl.bind0(Native Method) ~[?:1.8.0_101]
	at java.net.DualStackPlainSocketImpl.socketBind(DualStackPlainSocketImpl.java:106) ~[?:1.8.0_101]
	at java.net.AbstractPlainSocketImpl.bind(AbstractPlainSocketImpl.java:387) ~[?:1.8.0_101]
	at java.net.PlainSocketImpl.bind(PlainSocketImpl.java:190) ~[?:1.8.0_101]
	at java.net.ServerSocket.bind(ServerSocket.java:375) ~[?:1.8.0_101]
	at java.net.ServerSocket.<init>(ServerSocket.java:237) ~[?:1.8.0_101]
	at org.jacorb.orb.factory.DefaultServerSocketFactory.createServerSocket(DefaultServerSocketFactory.java:49) ~[jacorb-2.3.1.jar:?]
	at org.jacorb.orb.iiop.IIOPListener$Acceptor.createServerSocket(IIOPListener.java:572) ~[jacorb-2.3.1.jar:?]
	at org.jacorb.orb.iiop.IIOPListener$Acceptor.init(IIOPListener.java:417) ~[jacorb-2.3.1.jar:?]
	at org.jacorb.orb.iiop.IIOPListener.configure(IIOPListener.java:163) ~[jacorb-2.3.1.jar:?]
	at org.jacorb.orb.etf.FactoriesBase.newInstance(FactoriesBase.java:125) ~[jacorb-2.3.1.jar:?]
	at org.jacorb.orb.etf.FactoriesBase.create_listener(FactoriesBase.java:74) ~[jacorb-2.3.1.jar:?]
	at org.jacorb.orb.BasicAdapter.configure(BasicAdapter.java:102) ~[jacorb-2.3.1.jar:?]
	at org.jacorb.orb.ORB.getRootPOA(ORB.java:988) ~[jacorb-2.3.1.jar:?]
	at org.jacorb.orb.ORB.resolve_initial_references(ORB.java:1259) ~[jacorb-2.3.1.jar:?]
	at com.ffcs.oss.cap.alarm.fm.session.source.Corba3GPPAlarmSourceSession.login(Corba3GPPAlarmSourceSession.java:98) ~[classes/:?]
	at com.ffcs.oss.cap.alarm.fm.session.source.Corba3GPPAlarmSourceSession.ready(Corba3GPPAlarmSourceSession.java:64) ~[classes/:?]
	at com.ffcs.oss.cap.alarm.controller.AlarmController.lambda$startCollectAlarm$0(AlarmController.java:49) ~[classes/:?]
	at org.springframework.boot.SpringApplication.callRunner(SpringApplication.java:776) [spring-boot-1.5.2.RELEASE.jar:1.5.2.RELEASE]
	at org.springframework.boot.SpringApplication.callRunners(SpringApplication.java:760) [spring-boot-1.5.2.RELEASE.jar:1.5.2.RELEASE]
	at org.springframework.boot.SpringApplication.afterRefresh(SpringApplication.java:747) [spring-boot-1.5.2.RELEASE.jar:1.5.2.RELEASE]
	at org.springframework.boot.SpringApplication.run(SpringApplication.java:315) [spring-boot-1.5.2.RELEASE.jar:1.5.2.RELEASE]
	at org.springframework.boot.test.context.SpringBootContextLoader.loadContext(SpringBootContextLoader.java:120) [spring-boot-test-1.5.2.RELEASE.jar:1.5.2.RELEASE]
	at org.springframework.test.context.cache.DefaultCacheAwareContextLoaderDelegate.loadContextInternal(DefaultCacheAwareContextLoaderDelegate.java:98) [spring-test-4.3.7.RELEASE.jar:4.3.7.RELEASE]
	at org.springframework.test.context.cache.DefaultCacheAwareContextLoaderDelegate.loadContext(DefaultCacheAwareContextLoaderDelegate.java:116) [spring-test-4.3.7.RELEASE.jar:4.3.7.RELEASE]
	at org.springframework.test.context.support.DefaultTestContext.getApplicationContext(DefaultTestContext.java:83) [spring-test-4.3.7.RELEASE.jar:4.3.7.RELEASE]
	at org.springframework.test.context.web.ServletTestExecutionListener.setUpRequestContextIfNecessary(ServletTestExecutionListener.java:189) [spring-test-4.3.7.RELEASE.jar:4.3.7.RELEASE]
	at org.springframework.test.context.web.ServletTestExecutionListener.prepareTestInstance(ServletTestExecutionListener.java:131) [spring-test-4.3.7.RELEASE.jar:4.3.7.RELEASE]
	at org.springframework.test.context.TestContextManager.prepareTestInstance(TestContextManager.java:230) [spring-test-4.3.7.RELEASE.jar:4.3.7.RELEASE]
	at org.springframework.test.context.junit4.SpringJUnit4ClassRunner.createTest(SpringJUnit4ClassRunner.java:228) [spring-test-4.3.7.RELEASE.jar:4.3.7.RELEASE]
	at org.springframework.test.context.junit4.SpringJUnit4ClassRunner$1.runReflectiveCall(SpringJUnit4ClassRunner.java:287) [spring-test-4.3.7.RELEASE.jar:4.3.7.RELEASE]
	at org.junit.internal.runners.model.ReflectiveCallable.run(ReflectiveCallable.java:12) [junit-4.12.jar:4.12]
	at org.springframework.test.context.junit4.SpringJUnit4ClassRunner.methodBlock(SpringJUnit4ClassRunner.java:289) [spring-test-4.3.7.RELEASE.jar:4.3.7.RELEASE]
	at org.springframework.test.context.junit4.SpringJUnit4ClassRunner.runChild(SpringJUnit4ClassRunner.java:247) [spring-test-4.3.7.RELEASE.jar:4.3.7.RELEASE]
	at org.springframework.test.context.junit4.SpringJUnit4ClassRunner.runChild(SpringJUnit4ClassRunner.java:94) [spring-test-4.3.7.RELEASE.jar:4.3.7.RELEASE]
	at org.junit.runners.ParentRunner$3.run(ParentRunner.java:290) [junit-4.12.jar:4.12]
	at org.junit.runners.ParentRunner$1.schedule(ParentRunner.java:71) [junit-4.12.jar:4.12]
	at org.junit.runners.ParentRunner.runChildren(ParentRunner.java:288) [junit-4.12.jar:4.12]
	at org.junit.runners.ParentRunner.access$000(ParentRunner.java:58) [junit-4.12.jar:4.12]
	at org.junit.runners.ParentRunner$2.evaluate(ParentRunner.java:268) [junit-4.12.jar:4.12]
	at org.springframework.test.context.junit4.statements.RunBeforeTestClassCallbacks.evaluate(RunBeforeTestClassCallbacks.java:61) [spring-test-4.3.7.RELEASE.jar:4.3.7.RELEASE]
	at org.springframework.test.context.junit4.statements.RunAfterTestClassCallbacks.evaluate(RunAfterTestClassCallbacks.java:70) [spring-test-4.3.7.RELEASE.jar:4.3.7.RELEASE]
	at org.junit.runners.ParentRunner.run(ParentRunner.java:363) [junit-4.12.jar:4.12]
	at org.springframework.test.context.junit4.SpringJUnit4ClassRunner.run(SpringJUnit4ClassRunner.java:191) [spring-test-4.3.7.RELEASE.jar:4.3.7.RELEASE]
	at org.apache.maven.surefire.junit4.JUnit4Provider.execute(JUnit4Provider.java:283) [surefire-junit4-2.18.1.jar:2.18.1]
	at org.apache.maven.surefire.junit4.JUnit4Provider.executeWithRerun(JUnit4Provider.java:173) [surefire-junit4-2.18.1.jar:2.18.1]
	at org.apache.maven.surefire.junit4.JUnit4Provider.executeTestSet(JUnit4Provider.java:153) [surefire-junit4-2.18.1.jar:2.18.1]
	at org.apache.maven.surefire.junit4.JUnit4Provider.invoke(JUnit4Provider.java:128) [surefire-junit4-2.18.1.jar:2.18.1]
	at org.apache.maven.surefire.booter.ForkedBooter.invokeProviderInSameClassLoader(ForkedBooter.java:203) [surefire-booter-2.18.1.jar:2.18.1]
	at org.apache.maven.surefire.booter.ForkedBooter.runSuitesInProcess(ForkedBooter.java:155) [surefire-booter-2.18.1.jar:2.18.1]
	at org.apache.maven.surefire.booter.ForkedBooter.main(ForkedBooter.java:103) [surefire-booter-2.18.1.jar:2.18.1]
2018-02-22 15:30:59.304 ERROR 19840 [main] com.ffcs.oss.cap.alarm.controller.AlarmController - 告警采集任务执行出错
org.omg.CORBA.INITIALIZE: Could not create server socket (22234): java.net.BindException: Cannot assign requested address: JVM_Bind
	at org.jacorb.orb.iiop.IIOPListener$Acceptor.createServerSocket(IIOPListener.java:580) ~[jacorb-2.3.1.jar:?]
	at org.jacorb.orb.iiop.IIOPListener$Acceptor.init(IIOPListener.java:417) ~[jacorb-2.3.1.jar:?]
	at org.jacorb.orb.iiop.IIOPListener.configure(IIOPListener.java:163) ~[jacorb-2.3.1.jar:?]
	at org.jacorb.orb.etf.FactoriesBase.newInstance(FactoriesBase.java:125) ~[jacorb-2.3.1.jar:?]
	at org.jacorb.orb.etf.FactoriesBase.create_listener(FactoriesBase.java:74) ~[jacorb-2.3.1.jar:?]
	at org.jacorb.orb.BasicAdapter.configure(BasicAdapter.java:102) ~[jacorb-2.3.1.jar:?]
	at org.jacorb.orb.ORB.getRootPOA(ORB.java:988) ~[jacorb-2.3.1.jar:?]
	at org.jacorb.orb.ORB.resolve_initial_references(ORB.java:1259) ~[jacorb-2.3.1.jar:?]
	at com.ffcs.oss.cap.alarm.fm.session.source.Corba3GPPAlarmSourceSession.login(Corba3GPPAlarmSourceSession.java:98) ~[classes/:?]
	at com.ffcs.oss.cap.alarm.fm.session.source.Corba3GPPAlarmSourceSession.ready(Corba3GPPAlarmSourceSession.java:64) ~[classes/:?]
	at com.ffcs.oss.cap.alarm.controller.AlarmController.lambda$startCollectAlarm$0(AlarmController.java:49) ~[classes/:?]
	at org.springframework.boot.SpringApplication.callRunner(SpringApplication.java:776) [spring-boot-1.5.2.RELEASE.jar:1.5.2.RELEASE]
	at org.springframework.boot.SpringApplication.callRunners(SpringApplication.java:760) [spring-boot-1.5.2.RELEASE.jar:1.5.2.RELEASE]
	at org.springframework.boot.SpringApplication.afterRefresh(SpringApplication.java:747) [spring-boot-1.5.2.RELEASE.jar:1.5.2.RELEASE]
	at org.springframework.boot.SpringApplication.run(SpringApplication.java:315) [spring-boot-1.5.2.RELEASE.jar:1.5.2.RELEASE]
	at org.springframework.boot.test.context.SpringBootContextLoader.loadContext(SpringBootContextLoader.java:120) [spring-boot-test-1.5.2.RELEASE.jar:1.5.2.RELEASE]
	at org.springframework.test.context.cache.DefaultCacheAwareContextLoaderDelegate.loadContextInternal(DefaultCacheAwareContextLoaderDelegate.java:98) [spring-test-4.3.7.RELEASE.jar:4.3.7.RELEASE]
	at org.springframework.test.context.cache.DefaultCacheAwareContextLoaderDelegate.loadContext(DefaultCacheAwareContextLoaderDelegate.java:116) [spring-test-4.3.7.RELEASE.jar:4.3.7.RELEASE]
	at org.springframework.test.context.support.DefaultTestContext.getApplicationContext(DefaultTestContext.java:83) [spring-test-4.3.7.RELEASE.jar:4.3.7.RELEASE]
	at org.springframework.test.context.web.ServletTestExecutionListener.setUpRequestContextIfNecessary(ServletTestExecutionListener.java:189) [spring-test-4.3.7.RELEASE.jar:4.3.7.RELEASE]
	at org.springframework.test.context.web.ServletTestExecutionListener.prepareTestInstance(ServletTestExecutionListener.java:131) [spring-test-4.3.7.RELEASE.jar:4.3.7.RELEASE]
	at org.springframework.test.context.TestContextManager.prepareTestInstance(TestContextManager.java:230) [spring-test-4.3.7.RELEASE.jar:4.3.7.RELEASE]
	at org.springframework.test.context.junit4.SpringJUnit4ClassRunner.createTest(SpringJUnit4ClassRunner.java:228) [spring-test-4.3.7.RELEASE.jar:4.3.7.RELEASE]
	at org.springframework.test.context.junit4.SpringJUnit4ClassRunner$1.runReflectiveCall(SpringJUnit4ClassRunner.java:287) [spring-test-4.3.7.RELEASE.jar:4.3.7.RELEASE]
	at org.junit.internal.runners.model.ReflectiveCallable.run(ReflectiveCallable.java:12) [junit-4.12.jar:4.12]
	at org.springframework.test.context.junit4.SpringJUnit4ClassRunner.methodBlock(SpringJUnit4ClassRunner.java:289) [spring-test-4.3.7.RELEASE.jar:4.3.7.RELEASE]
	at org.springframework.test.context.junit4.SpringJUnit4ClassRunner.runChild(SpringJUnit4ClassRunner.java:247) [spring-test-4.3.7.RELEASE.jar:4.3.7.RELEASE]
	at org.springframework.test.context.junit4.SpringJUnit4ClassRunner.runChild(SpringJUnit4ClassRunner.java:94) [spring-test-4.3.7.RELEASE.jar:4.3.7.RELEASE]
	at org.junit.runners.ParentRunner$3.run(ParentRunner.java:290) [junit-4.12.jar:4.12]
	at org.junit.runners.ParentRunner$1.schedule(ParentRunner.java:71) [junit-4.12.jar:4.12]
	at org.junit.runners.ParentRunner.runChildren(ParentRunner.java:288) [junit-4.12.jar:4.12]
	at org.junit.runners.ParentRunner.access$000(ParentRunner.java:58) [junit-4.12.jar:4.12]
	at org.junit.runners.ParentRunner$2.evaluate(ParentRunner.java:268) [junit-4.12.jar:4.12]
	at org.springframework.test.context.junit4.statements.RunBeforeTestClassCallbacks.evaluate(RunBeforeTestClassCallbacks.java:61) [spring-test-4.3.7.RELEASE.jar:4.3.7.RELEASE]
	at org.springframework.test.context.junit4.statements.RunAfterTestClassCallbacks.evaluate(RunAfterTestClassCallbacks.java:70) [spring-test-4.3.7.RELEASE.jar:4.3.7.RELEASE]
	at org.junit.runners.ParentRunner.run(ParentRunner.java:363) [junit-4.12.jar:4.12]
	at org.springframework.test.context.junit4.SpringJUnit4ClassRunner.run(SpringJUnit4ClassRunner.java:191) [spring-test-4.3.7.RELEASE.jar:4.3.7.RELEASE]
	at org.apache.maven.surefire.junit4.JUnit4Provider.execute(JUnit4Provider.java:283) [surefire-junit4-2.18.1.jar:2.18.1]
	at org.apache.maven.surefire.junit4.JUnit4Provider.executeWithRerun(JUnit4Provider.java:173) [surefire-junit4-2.18.1.jar:2.18.1]
	at org.apache.maven.surefire.junit4.JUnit4Provider.executeTestSet(JUnit4Provider.java:153) [surefire-junit4-2.18.1.jar:2.18.1]
	at org.apache.maven.surefire.junit4.JUnit4Provider.invoke(JUnit4Provider.java:128) [surefire-junit4-2.18.1.jar:2.18.1]
	at org.apache.maven.surefire.booter.ForkedBooter.invokeProviderInSameClassLoader(ForkedBooter.java:203) [surefire-booter-2.18.1.jar:2.18.1]
	at org.apache.maven.surefire.booter.ForkedBooter.runSuitesInProcess(ForkedBooter.java:155) [surefire-booter-2.18.1.jar:2.18.1]
	at org.apache.maven.surefire.booter.ForkedBooter.main(ForkedBooter.java:103) [surefire-booter-2.18.1.jar:2.18.1]
2018-02-22 15:30:59.336 INFO  19872 [main] com.ffcs.oss.cap.alarm.controller.AlarmController - 告警任务采终止
2018-02-22 15:30:59.349 INFO  19885 [main] org.springframework.boot.StartupInfoLogger - Started AlarmCollectorApplicationTests in 16.683 seconds (JVM running for 19.936)
2018-02-22 15:31:00.386 INFO  20922 [main] com.ffcs.oss.cap.alarm.AlarmCollectorApplicationTests - ----------
2018-02-22 15:31:00.424 ERROR 20960 [Thread-4] com.ffcs.oss.cap.alarm.fm.session.source.Corba3GPPAlarmSourceSession - 释放notificationIRP出错，该异常可不关注！
2018-02-22 15:31:00.426 ERROR 20962 [Thread-4] com.ffcs.oss.cap.alarm.fm.session.source.Corba3GPPAlarmSourceSession - 释放epirp出错，该异常可不关注！
2018-02-22 15:31:00.427 INFO  20963 [Thread-4] org.jacorb.orb.ORB - prepare ORB for shutdown...
2018-02-22 15:31:00.426 INFO  20962 [Thread-5] org.springframework.context.support.AbstractApplicationContext - Closing org.springframework.web.context.support.GenericWebApplicationContext@2bdd8394: startup date [Thu Feb 22 15:30:45 CST 2018]; root of context hierarchy
